<?xml version="1.0" encoding="UTF-8"?>
<!-- Generated by org.testng.reporters.JUnitReportReporter -->
<testsuite hostname="sadom-PC0111" failures="0" tests="1" name="tests.ApplicationTest" time="0.637" errors="0" timestamp="13 geg. 2021 12:31:45 GMT" skipped="0">
  <testcase classname="tests.ApplicationTest" name="Should_Be_Able_To_Select_Items_InThe_Outer_Perimeter" time="0.637"/>
</testsuite> <!-- tests.ApplicationTest -->
