<?xml version="1.0" encoding="UTF-8"?>
<!-- Generated by org.testng.reporters.JUnitReportReporter -->
<testsuite skipped="0" hostname="a03-0810a" name="tests.teliaTests" tests="1" failures="0" timestamp="13 Vas 2019 17:12:08 GMT" time="12.826" errors="0">
  <testcase name="Should_Be_Able_To_Order_First_TV" time="12.826" classname="tests.teliaTests"/>
</testsuite> <!-- tests.teliaTests -->
